0 info it worked if it ends with ok
1 verbose cli [ '/usr/local/bin/node',
1 verbose cli   '/usr/local/bin/npm',
1 verbose cli   'install',
1 verbose cli   'my-tweets' ]
2 info using npm@2.15.9
3 info using node@v4.5.0
4 verbose install initial load of /Users/drakesmithjr/Desktop/bootcamp/Homework/liri-node-app/package.json
5 verbose installManyTop reading scoped package data from /Users/drakesmithjr/Desktop/bootcamp/Homework/liri-node-app/node_modules/moment/package.json
6 verbose installManyTop reading scoped package data from /Users/drakesmithjr/Desktop/bootcamp/Homework/liri-node-app/node_modules/request/package.json
7 verbose installManyTop reading scoped package data from /Users/drakesmithjr/Desktop/bootcamp/Homework/liri-node-app/node_modules/spotify/package.json
8 verbose installManyTop reading scoped package data from /Users/drakesmithjr/Desktop/bootcamp/Homework/liri-node-app/node_modules/twitter/package.json
9 info package.json spotify@0.3.0 No license field.
10 verbose readDependencies loading dependencies from /Users/drakesmithjr/Desktop/bootcamp/Homework/liri-node-app/package.json
11 silly cache add args [ 'my-tweets', null ]
12 verbose cache add spec my-tweets
13 silly cache add parsed spec Result {
13 silly cache add   raw: 'my-tweets',
13 silly cache add   scope: null,
13 silly cache add   name: 'my-tweets',
13 silly cache add   rawSpec: '',
13 silly cache add   spec: 'latest',
13 silly cache add   type: 'tag' }
14 silly addNamed my-tweets@latest
15 verbose addNamed "latest" is being treated as a dist-tag for my-tweets
16 info addNameTag [ 'my-tweets', 'latest' ]
17 silly mapToRegistry name my-tweets
18 silly mapToRegistry using default registry
19 silly mapToRegistry registry https://registry.npmjs.org/
20 silly mapToRegistry data Result {
20 silly mapToRegistry   raw: 'my-tweets',
20 silly mapToRegistry   scope: null,
20 silly mapToRegistry   name: 'my-tweets',
20 silly mapToRegistry   rawSpec: '',
20 silly mapToRegistry   spec: 'latest',
20 silly mapToRegistry   type: 'tag' }
21 silly mapToRegistry uri https://registry.npmjs.org/my-tweets
22 verbose addNameTag registry:https://registry.npmjs.org/my-tweets not in flight; fetching
23 verbose request uri https://registry.npmjs.org/my-tweets
24 verbose request no auth needed
25 info attempt registry request try #1 at 11:41:23 PM
26 verbose request id 670fee2df1fb153b
27 http request GET https://registry.npmjs.org/my-tweets
28 http 404 https://registry.npmjs.org/my-tweets
29 verbose headers { 'content-type': 'application/json',
29 verbose headers   'cache-control': 'max-age=0',
29 verbose headers   'content-length': '2',
29 verbose headers   'accept-ranges': 'bytes',
29 verbose headers   date: 'Sun, 04 Sep 2016 06:41:23 GMT',
29 verbose headers   via: '1.1 varnish',
29 verbose headers   age: '0',
29 verbose headers   connection: 'keep-alive',
29 verbose headers   'x-served-by': 'cache-lax1434-LAX',
29 verbose headers   'x-cache': 'MISS',
29 verbose headers   'x-cache-hits': '0',
29 verbose headers   'x-timer': 'S1472971283.787548,VS0,VE46',
29 verbose headers   vary: 'Accept-Encoding' }
30 silly get cb [ 404,
30 silly get   { 'content-type': 'application/json',
30 silly get     'cache-control': 'max-age=0',
30 silly get     'content-length': '2',
30 silly get     'accept-ranges': 'bytes',
30 silly get     date: 'Sun, 04 Sep 2016 06:41:23 GMT',
30 silly get     via: '1.1 varnish',
30 silly get     age: '0',
30 silly get     connection: 'keep-alive',
30 silly get     'x-served-by': 'cache-lax1434-LAX',
30 silly get     'x-cache': 'MISS',
30 silly get     'x-cache-hits': '0',
30 silly get     'x-timer': 'S1472971283.787548,VS0,VE46',
30 silly get     vary: 'Accept-Encoding' } ]
31 verbose stack Error: Registry returned 404 for GET on https://registry.npmjs.org/my-tweets
31 verbose stack     at makeError (/usr/local/lib/node_modules/npm/node_modules/npm-registry-client/lib/request.js:264:12)
31 verbose stack     at CachingRegistryClient.<anonymous> (/usr/local/lib/node_modules/npm/node_modules/npm-registry-client/lib/request.js:242:14)
31 verbose stack     at Request._callback (/usr/local/lib/node_modules/npm/node_modules/npm-registry-client/lib/request.js:172:14)
31 verbose stack     at Request.self.callback (/usr/local/lib/node_modules/npm/node_modules/request/request.js:200:22)
31 verbose stack     at emitTwo (events.js:87:13)
31 verbose stack     at Request.emit (events.js:172:7)
31 verbose stack     at Request.<anonymous> (/usr/local/lib/node_modules/npm/node_modules/request/request.js:1067:10)
31 verbose stack     at emitOne (events.js:82:20)
31 verbose stack     at Request.emit (events.js:169:7)
31 verbose stack     at IncomingMessage.<anonymous> (/usr/local/lib/node_modules/npm/node_modules/request/request.js:988:12)
32 verbose statusCode 404
33 verbose pkgid my-tweets
34 verbose cwd /Users/drakesmithjr/Desktop/bootcamp/Homework/liri-node-app
35 error Darwin 15.4.0
36 error argv "/usr/local/bin/node" "/usr/local/bin/npm" "install" "my-tweets"
37 error node v4.5.0
38 error npm  v2.15.9
39 error code E404
40 error 404 Registry returned 404 for GET on https://registry.npmjs.org/my-tweets
40 error 404
40 error 404 'my-tweets' is not in the npm registry.
40 error 404 You should bug the author to publish it (or use the name yourself!)
40 error 404
40 error 404 Note that you can also install from a
40 error 404 tarball, folder, http url, or git url.
41 verbose exit [ 1, true ]
